<?xml version="1.0" encoding="UTF-8"?>
<testsuite name="ru.stqa.pft.sandbox.PointTests" tests="3" skipped="0" failures="0" errors="0" timestamp="2019-07-21T16:46:01" hostname="UndeRSighT" time="0.003">
  <properties/>
  <testcase name="testDistance1" classname="ru.stqa.pft.sandbox.PointTests" time="0.001"/>
  <testcase name="testDistance2" classname="ru.stqa.pft.sandbox.PointTests" time="0.0"/>
  <testcase name="testDistance3" classname="ru.stqa.pft.sandbox.PointTests" time="0.001"/>
  <system-out><![CDATA[]]></system-out>
  <system-err><![CDATA[]]></system-err>
</testsuite>
